<?xml version="1.0" encoding="UTF-8"?>
<testsuite xmlns:xsi="http://www.w3.org/2001/XMLSchema-instance" xsi:noNamespaceSchemaLocation="https://maven.apache.org/surefire/maven-surefire-plugin/xsd/surefire-test-report.xsd" name="me.roshanadh.productservice.ProductServiceApplicationTests" time="13.807" tests="2" errors="0" skipped="0" failures="0">
  <properties>
    <property name="java.specification.version" value="17"/>
    <property name="sun.jnu.encoding" value="UTF-8"/>
    <property name="java.class.path" value="/home/logicfocus/sam/springboot-microservices/product-service/target/test-classes:/home/logicfocus/sam/springboot-microservices/product-service/target/classes:/home/logicfocus/.m2/repository/org/springframework/boot/spring-boot-starter-data-mongodb/2.7.6/spring-boot-starter-data-mongodb-2.7.6.jar:/home/logicfocus/.m2/repository/org/springframework/boot/spring-boot-starter/2.7.6/spring-boot-starter-2.7.6.jar:/home/logicfocus/.m2/repository/org/springframework/boot/spring-boot/2.7.6/spring-boot-2.7.6.jar:/home/logicfocus/.m2/repository/org/springframework/boot/spring-boot-autoconfigure/2.7.6/spring-boot-autoconfigure-2.7.6.jar:/home/logicfocus/.m2/repository/org/springframework/boot/spring-boot-starter-logging/2.7.6/spring-boot-starter-logging-2.7.6.jar:/home/logicfocus/.m2/repository/ch/qos/logback/logback-classic/1.2.11/logback-classic-1.2.11.jar:/home/logicfocus/.m2/repository/ch/qos/logback/logback-core/1.2.11/logback-core-1.2.11.jar:/home/logicfocus/.m2/repository/org/apache/logging/log4j/log4j-to-slf4j/2.17.2/log4j-to-slf4j-2.17.2.jar:/home/logicfocus/.m2/repository/org/apache/logging/log4j/log4j-api/2.17.2/log4j-api-2.17.2.jar:/home/logicfocus/.m2/repository/org/slf4j/jul-to-slf4j/1.7.36/jul-to-slf4j-1.7.36.jar:/home/logicfocus/.m2/repository/jakarta/annotation/jakarta.annotation-api/1.3.5/jakarta.annotation-api-1.3.5.jar:/home/logicfocus/.m2/repository/org/yaml/snakeyaml/1.30/snakeyaml-1.30.jar:/home/logicfocus/.m2/repository/org/mongodb/mongodb-driver-sync/4.6.1/mongodb-driver-sync-4.6.1.jar:/home/logicfocus/.m2/repository/org/mongodb/bson/4.6.1/bson-4.6.1.jar:/home/logicfocus/.m2/repository/org/mongodb/mongodb-driver-core/4.6.1/mongodb-driver-core-4.6.1.jar:/home/logicfocus/.m2/repository/org/mongodb/bson-record-codec/4.6.1/bson-record-codec-4.6.1.jar:/home/logicfocus/.m2/repository/org/springframework/data/spring-data-mongodb/3.4.6/spring-data-mongodb-3.4.6.jar:/home/logicfocus/.m2/repository/org/springframework/spring-tx/5.3.24/spring-tx-5.3.24.jar:/home/logicfocus/.m2/repository/org/springframework/spring-context/5.3.24/spring-context-5.3.24.jar:/home/logicfocus/.m2/repository/org/springframework/spring-beans/5.3.24/spring-beans-5.3.24.jar:/home/logicfocus/.m2/repository/org/springframework/spring-expression/5.3.24/spring-expression-5.3.24.jar:/home/logicfocus/.m2/repository/org/springframework/data/spring-data-commons/2.7.6/spring-data-commons-2.7.6.jar:/home/logicfocus/.m2/repository/org/slf4j/slf4j-api/1.7.36/slf4j-api-1.7.36.jar:/home/logicfocus/.m2/repository/org/springframework/boot/spring-boot-starter-web/2.7.6/spring-boot-starter-web-2.7.6.jar:/home/logicfocus/.m2/repository/org/springframework/boot/spring-boot-starter-json/2.7.6/spring-boot-starter-json-2.7.6.jar:/home/logicfocus/.m2/repository/com/fasterxml/jackson/core/jackson-databind/2.13.4.2/jackson-databind-2.13.4.2.jar:/home/logicfocus/.m2/repository/com/fasterxml/jackson/datatype/jackson-datatype-jdk8/2.13.4/jackson-datatype-jdk8-2.13.4.jar:/home/logicfocus/.m2/repository/com/fasterxml/jackson/datatype/jackson-datatype-jsr310/2.13.4/jackson-datatype-jsr310-2.13.4.jar:/home/logicfocus/.m2/repository/com/fasterxml/jackson/module/jackson-module-parameter-names/2.13.4/jackson-module-parameter-names-2.13.4.jar:/home/logicfocus/.m2/repository/org/springframework/boot/spring-boot-starter-tomcat/2.7.6/spring-boot-starter-tomcat-2.7.6.jar:/home/logicfocus/.m2/repository/org/apache/tomcat/embed/tomcat-embed-core/9.0.69/tomcat-embed-core-9.0.69.jar:/home/logicfocus/.m2/repository/org/apache/tomcat/embed/tomcat-embed-el/9.0.69/tomcat-embed-el-9.0.69.jar:/home/logicfocus/.m2/repository/org/apache/tomcat/embed/tomcat-embed-websocket/9.0.69/tomcat-embed-websocket-9.0.69.jar:/home/logicfocus/.m2/repository/org/springframework/spring-web/5.3.24/spring-web-5.3.24.jar:/home/logicfocus/.m2/repository/org/springframework/spring-webmvc/5.3.24/spring-webmvc-5.3.24.jar:/home/logicfocus/.m2/repository/org/springframework/spring-aop/5.3.24/spring-aop-5.3.24.jar:/home/logicfocus/.m2/repository/org/projectlombok/lombok/1.18.24/lombok-1.18.24.jar:/home/logicfocus/.m2/repository/org/springframework/boot/spring-boot-starter-test/2.7.6/spring-boot-starter-test-2.7.6.jar:/home/logicfocus/.m2/repository/org/springframework/boot/spring-boot-test/2.7.6/spring-boot-test-2.7.6.jar:/home/logicfocus/.m2/repository/org/springframework/boot/spring-boot-test-autoconfigure/2.7.6/spring-boot-test-autoconfigure-2.7.6.jar:/home/logicfocus/.m2/repository/com/jayway/jsonpath/json-path/2.7.0/json-path-2.7.0.jar:/home/logicfocus/.m2/repository/net/minidev/json-smart/2.4.8/json-smart-2.4.8.jar:/home/logicfocus/.m2/repository/net/minidev/accessors-smart/2.4.8/accessors-smart-2.4.8.jar:/home/logicfocus/.m2/repository/org/ow2/asm/asm/9.1/asm-9.1.jar:/home/logicfocus/.m2/repository/jakarta/xml/bind/jakarta.xml.bind-api/2.3.3/jakarta.xml.bind-api-2.3.3.jar:/home/logicfocus/.m2/repository/jakarta/activation/jakarta.activation-api/1.2.2/jakarta.activation-api-1.2.2.jar:/home/logicfocus/.m2/repository/org/assertj/assertj-core/3.22.0/assertj-core-3.22.0.jar:/home/logicfocus/.m2/repository/org/hamcrest/hamcrest/2.2/hamcrest-2.2.jar:/home/logicfocus/.m2/repository/org/junit/jupiter/junit-jupiter/5.8.2/junit-jupiter-5.8.2.jar:/home/logicfocus/.m2/repository/org/junit/jupiter/junit-jupiter-params/5.8.2/junit-jupiter-params-5.8.2.jar:/home/logicfocus/.m2/repository/org/junit/jupiter/junit-jupiter-engine/5.8.2/junit-jupiter-engine-5.8.2.jar:/home/logicfocus/.m2/repository/org/junit/platform/junit-platform-engine/1.8.2/junit-platform-engine-1.8.2.jar:/home/logicfocus/.m2/repository/org/mockito/mockito-core/4.5.1/mockito-core-4.5.1.jar:/home/logicfocus/.m2/repository/net/bytebuddy/byte-buddy/1.12.19/byte-buddy-1.12.19.jar:/home/logicfocus/.m2/repository/net/bytebuddy/byte-buddy-agent/1.12.19/byte-buddy-agent-1.12.19.jar:/home/logicfocus/.m2/repository/org/objenesis/objenesis/3.2/objenesis-3.2.jar:/home/logicfocus/.m2/repository/org/mockito/mockito-junit-jupiter/4.5.1/mockito-junit-jupiter-4.5.1.jar:/home/logicfocus/.m2/repository/org/skyscreamer/jsonassert/1.5.1/jsonassert-1.5.1.jar:/home/logicfocus/.m2/repository/com/vaadin/external/google/android-json/0.0.20131108.vaadin1/android-json-0.0.20131108.vaadin1.jar:/home/logicfocus/.m2/repository/org/springframework/spring-core/5.3.24/spring-core-5.3.24.jar:/home/logicfocus/.m2/repository/org/springframework/spring-jcl/5.3.24/spring-jcl-5.3.24.jar:/home/logicfocus/.m2/repository/org/springframework/spring-test/5.3.24/spring-test-5.3.24.jar:/home/logicfocus/.m2/repository/org/xmlunit/xmlunit-core/2.9.0/xmlunit-core-2.9.0.jar:/home/logicfocus/.m2/repository/org/testcontainers/mongodb/1.17.6/mongodb-1.17.6.jar:/home/logicfocus/.m2/repository/org/testcontainers/testcontainers/1.17.6/testcontainers-1.17.6.jar:/home/logicfocus/.m2/repository/junit/junit/4.13.2/junit-4.13.2.jar:/home/logicfocus/.m2/repository/org/hamcrest/hamcrest-core/2.2/hamcrest-core-2.2.jar:/home/logicfocus/.m2/repository/org/apache/commons/commons-compress/1.22/commons-compress-1.22.jar:/home/logicfocus/.m2/repository/org/rnorth/duct-tape/duct-tape/1.0.8/duct-tape-1.0.8.jar:/home/logicfocus/.m2/repository/org/jetbrains/annotations/17.0.0/annotations-17.0.0.jar:/home/logicfocus/.m2/repository/com/github/docker-java/docker-java-api/3.2.13/docker-java-api-3.2.13.jar:/home/logicfocus/.m2/repository/com/github/docker-java/docker-java-transport-zerodep/3.2.13/docker-java-transport-zerodep-3.2.13.jar:/home/logicfocus/.m2/repository/com/github/docker-java/docker-java-transport/3.2.13/docker-java-transport-3.2.13.jar:/home/logicfocus/.m2/repository/net/java/dev/jna/jna/5.8.0/jna-5.8.0.jar:/home/logicfocus/.m2/repository/org/testcontainers/junit-jupiter/1.17.6/junit-jupiter-1.17.6.jar:/home/logicfocus/.m2/repository/org/junit/jupiter/junit-jupiter-api/5.8.2/junit-jupiter-api-5.8.2.jar:/home/logicfocus/.m2/repository/org/opentest4j/opentest4j/1.2.0/opentest4j-1.2.0.jar:/home/logicfocus/.m2/repository/org/junit/platform/junit-platform-commons/1.8.2/junit-platform-commons-1.8.2.jar:/home/logicfocus/.m2/repository/org/apiguardian/apiguardian-api/1.1.2/apiguardian-api-1.1.2.jar:/home/logicfocus/.m2/repository/org/springframework/cloud/spring-cloud-starter-netflix-eureka-client/3.1.2/spring-cloud-starter-netflix-eureka-client-3.1.2.jar:/home/logicfocus/.m2/repository/org/springframework/cloud/spring-cloud-starter/3.1.2/spring-cloud-starter-3.1.2.jar:/home/logicfocus/.m2/repository/org/springframework/cloud/spring-cloud-context/3.1.2/spring-cloud-context-3.1.2.jar:/home/logicfocus/.m2/repository/org/springframework/security/spring-security-rsa/1.0.10.RELEASE/spring-security-rsa-1.0.10.RELEASE.jar:/home/logicfocus/.m2/repository/org/bouncycastle/bcpkix-jdk15on/1.68/bcpkix-jdk15on-1.68.jar:/home/logicfocus/.m2/repository/org/bouncycastle/bcprov-jdk15on/1.68/bcprov-jdk15on-1.68.jar:/home/logicfocus/.m2/repository/org/springframework/cloud/spring-cloud-netflix-eureka-client/3.1.2/spring-cloud-netflix-eureka-client-3.1.2.jar:/home/logicfocus/.m2/repository/com/netflix/eureka/eureka-client/1.10.17/eureka-client-1.10.17.jar:/home/logicfocus/.m2/repository/com/netflix/netflix-commons/netflix-eventbus/0.3.0/netflix-eventbus-0.3.0.jar:/home/logicfocus/.m2/repository/com/netflix/netflix-commons/netflix-infix/0.3.0/netflix-infix-0.3.0.jar:/home/logicfocus/.m2/repository/commons-jxpath/commons-jxpath/1.3/commons-jxpath-1.3.jar:/home/logicfocus/.m2/repository/joda-time/joda-time/2.3/joda-time-2.3.jar:/home/logicfocus/.m2/repository/org/antlr/antlr-runtime/3.4/antlr-runtime-3.4.jar:/home/logicfocus/.m2/repository/org/antlr/stringtemplate/3.2.1/stringtemplate-3.2.1.jar:/home/logicfocus/.m2/repository/antlr/antlr/2.7.7/antlr-2.7.7.jar:/home/logicfocus/.m2/repository/com/google/code/gson/gson/2.9.1/gson-2.9.1.jar:/home/logicfocus/.m2/repository/org/apache/commons/commons-math/2.2/commons-math-2.2.jar:/home/logicfocus/.m2/repository/com/thoughtworks/xstream/xstream/1.4.18/xstream-1.4.18.jar:/home/logicfocus/.m2/repository/io/github/x-stream/mxparser/1.2.2/mxparser-1.2.2.jar:/home/logicfocus/.m2/repository/xmlpull/xmlpull/1.1.3.1/xmlpull-1.1.3.1.jar:/home/logicfocus/.m2/repository/javax/ws/rs/jsr311-api/1.1.1/jsr311-api-1.1.1.jar:/home/logicfocus/.m2/repository/com/netflix/servo/servo-core/0.12.21/servo-core-0.12.21.jar:/home/logicfocus/.m2/repository/com/google/guava/guava/19.0/guava-19.0.jar:/home/logicfocus/.m2/repository/org/apache/httpcomponents/httpclient/4.5.13/httpclient-4.5.13.jar:/home/logicfocus/.m2/repository/org/apache/httpcomponents/httpcore/4.4.15/httpcore-4.4.15.jar:/home/logicfocus/.m2/repository/commons-codec/commons-codec/1.15/commons-codec-1.15.jar:/home/logicfocus/.m2/repository/commons-configuration/commons-configuration/1.10/commons-configuration-1.10.jar:/home/logicfocus/.m2/repository/commons-lang/commons-lang/2.6/commons-lang-2.6.jar:/home/logicfocus/.m2/repository/com/google/inject/guice/4.1.0/guice-4.1.0.jar:/home/logicfocus/.m2/repository/javax/inject/javax.inject/1/javax.inject-1.jar:/home/logicfocus/.m2/repository/com/fasterxml/jackson/core/jackson-annotations/2.13.4/jackson-annotations-2.13.4.jar:/home/logicfocus/.m2/repository/com/fasterxml/jackson/core/jackson-core/2.13.4/jackson-core-2.13.4.jar:/home/logicfocus/.m2/repository/org/codehaus/jettison/jettison/1.4.0/jettison-1.4.0.jar:/home/logicfocus/.m2/repository/com/netflix/eureka/eureka-core/1.10.17/eureka-core-1.10.17.jar:/home/logicfocus/.m2/repository/com/fasterxml/woodstox/woodstox-core/6.2.1/woodstox-core-6.2.1.jar:/home/logicfocus/.m2/repository/org/codehaus/woodstox/stax2-api/4.2.1/stax2-api-4.2.1.jar:/home/logicfocus/.m2/repository/org/springframework/cloud/spring-cloud-starter-loadbalancer/3.1.2/spring-cloud-starter-loadbalancer-3.1.2.jar:/home/logicfocus/.m2/repository/org/springframework/cloud/spring-cloud-loadbalancer/3.1.2/spring-cloud-loadbalancer-3.1.2.jar:/home/logicfocus/.m2/repository/io/projectreactor/reactor-core/3.4.25/reactor-core-3.4.25.jar:/home/logicfocus/.m2/repository/org/reactivestreams/reactive-streams/1.0.4/reactive-streams-1.0.4.jar:/home/logicfocus/.m2/repository/io/projectreactor/addons/reactor-extra/3.4.9/reactor-extra-3.4.9.jar:/home/logicfocus/.m2/repository/org/springframework/boot/spring-boot-starter-cache/2.7.6/spring-boot-starter-cache-2.7.6.jar:/home/logicfocus/.m2/repository/org/springframework/spring-context-support/5.3.24/spring-context-support-5.3.24.jar:/home/logicfocus/.m2/repository/com/stoyanr/evictor/1.0.0/evictor-1.0.0.jar:/home/logicfocus/.m2/repository/org/springframework/cloud/spring-cloud-starter-sleuth/3.1.2/spring-cloud-starter-sleuth-3.1.2.jar:/home/logicfocus/.m2/repository/org/springframework/boot/spring-boot-starter-aop/2.7.6/spring-boot-starter-aop-2.7.6.jar:/home/logicfocus/.m2/repository/org/aspectj/aspectjweaver/1.9.7/aspectjweaver-1.9.7.jar:/home/logicfocus/.m2/repository/org/springframework/cloud/spring-cloud-sleuth-autoconfigure/3.1.2/spring-cloud-sleuth-autoconfigure-3.1.2.jar:/home/logicfocus/.m2/repository/org/aspectj/aspectjrt/1.9.7/aspectjrt-1.9.7.jar:/home/logicfocus/.m2/repository/org/springframework/cloud/spring-cloud-sleuth-brave/3.1.2/spring-cloud-sleuth-brave-3.1.2.jar:/home/logicfocus/.m2/repository/io/zipkin/brave/brave/5.13.7/brave-5.13.7.jar:/home/logicfocus/.m2/repository/io/zipkin/brave/brave-context-slf4j/5.13.7/brave-context-slf4j-5.13.7.jar:/home/logicfocus/.m2/repository/io/zipkin/brave/brave-instrumentation-messaging/5.13.7/brave-instrumentation-messaging-5.13.7.jar:/home/logicfocus/.m2/repository/io/zipkin/brave/brave-instrumentation-rpc/5.13.7/brave-instrumentation-rpc-5.13.7.jar:/home/logicfocus/.m2/repository/io/zipkin/brave/brave-instrumentation-spring-rabbit/5.13.7/brave-instrumentation-spring-rabbit-5.13.7.jar:/home/logicfocus/.m2/repository/io/zipkin/brave/brave-instrumentation-kafka-clients/5.13.7/brave-instrumentation-kafka-clients-5.13.7.jar:/home/logicfocus/.m2/repository/io/zipkin/brave/brave-instrumentation-kafka-streams/5.13.7/brave-instrumentation-kafka-streams-5.13.7.jar:/home/logicfocus/.m2/repository/io/zipkin/brave/brave-instrumentation-httpclient/5.13.7/brave-instrumentation-httpclient-5.13.7.jar:/home/logicfocus/.m2/repository/io/zipkin/brave/brave-instrumentation-http/5.13.7/brave-instrumentation-http-5.13.7.jar:/home/logicfocus/.m2/repository/io/zipkin/brave/brave-instrumentation-httpasyncclient/5.13.7/brave-instrumentation-httpasyncclient-5.13.7.jar:/home/logicfocus/.m2/repository/io/zipkin/brave/brave-instrumentation-jms/5.13.7/brave-instrumentation-jms-5.13.7.jar:/home/logicfocus/.m2/repository/io/zipkin/brave/brave-instrumentation-mongodb/5.13.7/brave-instrumentation-mongodb-5.13.7.jar:/home/logicfocus/.m2/repository/io/zipkin/aws/brave-propagation-aws/0.21.3/brave-propagation-aws-0.21.3.jar:/home/logicfocus/.m2/repository/io/zipkin/reporter2/zipkin-reporter-metrics-micrometer/2.16.3/zipkin-reporter-metrics-micrometer-2.16.3.jar:/home/logicfocus/.m2/repository/org/springframework/cloud/spring-cloud-sleuth-zipkin/3.1.2/spring-cloud-sleuth-zipkin-3.1.2.jar:/home/logicfocus/.m2/repository/org/springframework/cloud/spring-cloud-sleuth-instrumentation/3.1.2/spring-cloud-sleuth-instrumentation-3.1.2.jar:/home/logicfocus/.m2/repository/org/springframework/cloud/spring-cloud-sleuth-api/3.1.2/spring-cloud-sleuth-api-3.1.2.jar:/home/logicfocus/.m2/repository/org/springframework/cloud/spring-cloud-commons/3.1.2/spring-cloud-commons-3.1.2.jar:/home/logicfocus/.m2/repository/org/springframework/security/spring-security-crypto/5.7.5/spring-security-crypto-5.7.5.jar:/home/logicfocus/.m2/repository/io/zipkin/zipkin2/zipkin/2.23.2/zipkin-2.23.2.jar:/home/logicfocus/.m2/repository/io/zipkin/reporter2/zipkin-reporter/2.16.3/zipkin-reporter-2.16.3.jar:/home/logicfocus/.m2/repository/io/zipkin/reporter2/zipkin-reporter-brave/2.16.3/zipkin-reporter-brave-2.16.3.jar:/home/logicfocus/.m2/repository/io/zipkin/reporter2/zipkin-sender-kafka/2.16.3/zipkin-sender-kafka-2.16.3.jar:/home/logicfocus/.m2/repository/io/zipkin/reporter2/zipkin-sender-activemq-client/2.16.3/zipkin-sender-activemq-client-2.16.3.jar:/home/logicfocus/.m2/repository/io/zipkin/reporter2/zipkin-sender-amqp-client/2.16.3/zipkin-sender-amqp-client-2.16.3.jar:"/>
    <property name="java.vm.vendor" value="Ubuntu"/>
    <property name="sun.arch.data.model" value="64"/>
    <property name="java.vendor.url" value="https://ubuntu.com/"/>
    <property name="os.name" value="Linux"/>
    <property name="java.vm.specification.version" value="17"/>
    <property name="sun.java.launcher" value="SUN_STANDARD"/>
    <property name="user.country" value="IN"/>
    <property name="sun.boot.library.path" value="/usr/lib/jvm/java-17-openjdk-amd64/lib"/>
    <property name="sun.java.command" value="/home/logicfocus/sam/springboot-microservices/product-service/target/surefire/surefirebooter11767723588683217760.jar /home/logicfocus/sam/springboot-microservices/product-service/target/surefire 2024-06-19T17-28-08_715-jvmRun1 surefire112175344232120739tmp surefire_05267595158740492471tmp"/>
    <property name="jdk.debug" value="release"/>
    <property name="surefire.test.class.path" value="/home/logicfocus/sam/springboot-microservices/product-service/target/test-classes:/home/logicfocus/sam/springboot-microservices/product-service/target/classes:/home/logicfocus/.m2/repository/org/springframework/boot/spring-boot-starter-data-mongodb/2.7.6/spring-boot-starter-data-mongodb-2.7.6.jar:/home/logicfocus/.m2/repository/org/springframework/boot/spring-boot-starter/2.7.6/spring-boot-starter-2.7.6.jar:/home/logicfocus/.m2/repository/org/springframework/boot/spring-boot/2.7.6/spring-boot-2.7.6.jar:/home/logicfocus/.m2/repository/org/springframework/boot/spring-boot-autoconfigure/2.7.6/spring-boot-autoconfigure-2.7.6.jar:/home/logicfocus/.m2/repository/org/springframework/boot/spring-boot-starter-logging/2.7.6/spring-boot-starter-logging-2.7.6.jar:/home/logicfocus/.m2/repository/ch/qos/logback/logback-classic/1.2.11/logback-classic-1.2.11.jar:/home/logicfocus/.m2/repository/ch/qos/logback/logback-core/1.2.11/logback-core-1.2.11.jar:/home/logicfocus/.m2/repository/org/apache/logging/log4j/log4j-to-slf4j/2.17.2/log4j-to-slf4j-2.17.2.jar:/home/logicfocus/.m2/repository/org/apache/logging/log4j/log4j-api/2.17.2/log4j-api-2.17.2.jar:/home/logicfocus/.m2/repository/org/slf4j/jul-to-slf4j/1.7.36/jul-to-slf4j-1.7.36.jar:/home/logicfocus/.m2/repository/jakarta/annotation/jakarta.annotation-api/1.3.5/jakarta.annotation-api-1.3.5.jar:/home/logicfocus/.m2/repository/org/yaml/snakeyaml/1.30/snakeyaml-1.30.jar:/home/logicfocus/.m2/repository/org/mongodb/mongodb-driver-sync/4.6.1/mongodb-driver-sync-4.6.1.jar:/home/logicfocus/.m2/repository/org/mongodb/bson/4.6.1/bson-4.6.1.jar:/home/logicfocus/.m2/repository/org/mongodb/mongodb-driver-core/4.6.1/mongodb-driver-core-4.6.1.jar:/home/logicfocus/.m2/repository/org/mongodb/bson-record-codec/4.6.1/bson-record-codec-4.6.1.jar:/home/logicfocus/.m2/repository/org/springframework/data/spring-data-mongodb/3.4.6/spring-data-mongodb-3.4.6.jar:/home/logicfocus/.m2/repository/org/springframework/spring-tx/5.3.24/spring-tx-5.3.24.jar:/home/logicfocus/.m2/repository/org/springframework/spring-context/5.3.24/spring-context-5.3.24.jar:/home/logicfocus/.m2/repository/org/springframework/spring-beans/5.3.24/spring-beans-5.3.24.jar:/home/logicfocus/.m2/repository/org/springframework/spring-expression/5.3.24/spring-expression-5.3.24.jar:/home/logicfocus/.m2/repository/org/springframework/data/spring-data-commons/2.7.6/spring-data-commons-2.7.6.jar:/home/logicfocus/.m2/repository/org/slf4j/slf4j-api/1.7.36/slf4j-api-1.7.36.jar:/home/logicfocus/.m2/repository/org/springframework/boot/spring-boot-starter-web/2.7.6/spring-boot-starter-web-2.7.6.jar:/home/logicfocus/.m2/repository/org/springframework/boot/spring-boot-starter-json/2.7.6/spring-boot-starter-json-2.7.6.jar:/home/logicfocus/.m2/repository/com/fasterxml/jackson/core/jackson-databind/2.13.4.2/jackson-databind-2.13.4.2.jar:/home/logicfocus/.m2/repository/com/fasterxml/jackson/datatype/jackson-datatype-jdk8/2.13.4/jackson-datatype-jdk8-2.13.4.jar:/home/logicfocus/.m2/repository/com/fasterxml/jackson/datatype/jackson-datatype-jsr310/2.13.4/jackson-datatype-jsr310-2.13.4.jar:/home/logicfocus/.m2/repository/com/fasterxml/jackson/module/jackson-module-parameter-names/2.13.4/jackson-module-parameter-names-2.13.4.jar:/home/logicfocus/.m2/repository/org/springframework/boot/spring-boot-starter-tomcat/2.7.6/spring-boot-starter-tomcat-2.7.6.jar:/home/logicfocus/.m2/repository/org/apache/tomcat/embed/tomcat-embed-core/9.0.69/tomcat-embed-core-9.0.69.jar:/home/logicfocus/.m2/repository/org/apache/tomcat/embed/tomcat-embed-el/9.0.69/tomcat-embed-el-9.0.69.jar:/home/logicfocus/.m2/repository/org/apache/tomcat/embed/tomcat-embed-websocket/9.0.69/tomcat-embed-websocket-9.0.69.jar:/home/logicfocus/.m2/repository/org/springframework/spring-web/5.3.24/spring-web-5.3.24.jar:/home/logicfocus/.m2/repository/org/springframework/spring-webmvc/5.3.24/spring-webmvc-5.3.24.jar:/home/logicfocus/.m2/repository/org/springframework/spring-aop/5.3.24/spring-aop-5.3.24.jar:/home/logicfocus/.m2/repository/org/projectlombok/lombok/1.18.24/lombok-1.18.24.jar:/home/logicfocus/.m2/repository/org/springframework/boot/spring-boot-starter-test/2.7.6/spring-boot-starter-test-2.7.6.jar:/home/logicfocus/.m2/repository/org/springframework/boot/spring-boot-test/2.7.6/spring-boot-test-2.7.6.jar:/home/logicfocus/.m2/repository/org/springframework/boot/spring-boot-test-autoconfigure/2.7.6/spring-boot-test-autoconfigure-2.7.6.jar:/home/logicfocus/.m2/repository/com/jayway/jsonpath/json-path/2.7.0/json-path-2.7.0.jar:/home/logicfocus/.m2/repository/net/minidev/json-smart/2.4.8/json-smart-2.4.8.jar:/home/logicfocus/.m2/repository/net/minidev/accessors-smart/2.4.8/accessors-smart-2.4.8.jar:/home/logicfocus/.m2/repository/org/ow2/asm/asm/9.1/asm-9.1.jar:/home/logicfocus/.m2/repository/jakarta/xml/bind/jakarta.xml.bind-api/2.3.3/jakarta.xml.bind-api-2.3.3.jar:/home/logicfocus/.m2/repository/jakarta/activation/jakarta.activation-api/1.2.2/jakarta.activation-api-1.2.2.jar:/home/logicfocus/.m2/repository/org/assertj/assertj-core/3.22.0/assertj-core-3.22.0.jar:/home/logicfocus/.m2/repository/org/hamcrest/hamcrest/2.2/hamcrest-2.2.jar:/home/logicfocus/.m2/repository/org/junit/jupiter/junit-jupiter/5.8.2/junit-jupiter-5.8.2.jar:/home/logicfocus/.m2/repository/org/junit/jupiter/junit-jupiter-params/5.8.2/junit-jupiter-params-5.8.2.jar:/home/logicfocus/.m2/repository/org/junit/jupiter/junit-jupiter-engine/5.8.2/junit-jupiter-engine-5.8.2.jar:/home/logicfocus/.m2/repository/org/junit/platform/junit-platform-engine/1.8.2/junit-platform-engine-1.8.2.jar:/home/logicfocus/.m2/repository/org/mockito/mockito-core/4.5.1/mockito-core-4.5.1.jar:/home/logicfocus/.m2/repository/net/bytebuddy/byte-buddy/1.12.19/byte-buddy-1.12.19.jar:/home/logicfocus/.m2/repository/net/bytebuddy/byte-buddy-agent/1.12.19/byte-buddy-agent-1.12.19.jar:/home/logicfocus/.m2/repository/org/objenesis/objenesis/3.2/objenesis-3.2.jar:/home/logicfocus/.m2/repository/org/mockito/mockito-junit-jupiter/4.5.1/mockito-junit-jupiter-4.5.1.jar:/home/logicfocus/.m2/repository/org/skyscreamer/jsonassert/1.5.1/jsonassert-1.5.1.jar:/home/logicfocus/.m2/repository/com/vaadin/external/google/android-json/0.0.20131108.vaadin1/android-json-0.0.20131108.vaadin1.jar:/home/logicfocus/.m2/repository/org/springframework/spring-core/5.3.24/spring-core-5.3.24.jar:/home/logicfocus/.m2/repository/org/springframework/spring-jcl/5.3.24/spring-jcl-5.3.24.jar:/home/logicfocus/.m2/repository/org/springframework/spring-test/5.3.24/spring-test-5.3.24.jar:/home/logicfocus/.m2/repository/org/xmlunit/xmlunit-core/2.9.0/xmlunit-core-2.9.0.jar:/home/logicfocus/.m2/repository/org/testcontainers/mongodb/1.17.6/mongodb-1.17.6.jar:/home/logicfocus/.m2/repository/org/testcontainers/testcontainers/1.17.6/testcontainers-1.17.6.jar:/home/logicfocus/.m2/repository/junit/junit/4.13.2/junit-4.13.2.jar:/home/logicfocus/.m2/repository/org/hamcrest/hamcrest-core/2.2/hamcrest-core-2.2.jar:/home/logicfocus/.m2/repository/org/apache/commons/commons-compress/1.22/commons-compress-1.22.jar:/home/logicfocus/.m2/repository/org/rnorth/duct-tape/duct-tape/1.0.8/duct-tape-1.0.8.jar:/home/logicfocus/.m2/repository/org/jetbrains/annotations/17.0.0/annotations-17.0.0.jar:/home/logicfocus/.m2/repository/com/github/docker-java/docker-java-api/3.2.13/docker-java-api-3.2.13.jar:/home/logicfocus/.m2/repository/com/github/docker-java/docker-java-transport-zerodep/3.2.13/docker-java-transport-zerodep-3.2.13.jar:/home/logicfocus/.m2/repository/com/github/docker-java/docker-java-transport/3.2.13/docker-java-transport-3.2.13.jar:/home/logicfocus/.m2/repository/net/java/dev/jna/jna/5.8.0/jna-5.8.0.jar:/home/logicfocus/.m2/repository/org/testcontainers/junit-jupiter/1.17.6/junit-jupiter-1.17.6.jar:/home/logicfocus/.m2/repository/org/junit/jupiter/junit-jupiter-api/5.8.2/junit-jupiter-api-5.8.2.jar:/home/logicfocus/.m2/repository/org/opentest4j/opentest4j/1.2.0/opentest4j-1.2.0.jar:/home/logicfocus/.m2/repository/org/junit/platform/junit-platform-commons/1.8.2/junit-platform-commons-1.8.2.jar:/home/logicfocus/.m2/repository/org/apiguardian/apiguardian-api/1.1.2/apiguardian-api-1.1.2.jar:/home/logicfocus/.m2/repository/org/springframework/cloud/spring-cloud-starter-netflix-eureka-client/3.1.2/spring-cloud-starter-netflix-eureka-client-3.1.2.jar:/home/logicfocus/.m2/repository/org/springframework/cloud/spring-cloud-starter/3.1.2/spring-cloud-starter-3.1.2.jar:/home/logicfocus/.m2/repository/org/springframework/cloud/spring-cloud-context/3.1.2/spring-cloud-context-3.1.2.jar:/home/logicfocus/.m2/repository/org/springframework/security/spring-security-rsa/1.0.10.RELEASE/spring-security-rsa-1.0.10.RELEASE.jar:/home/logicfocus/.m2/repository/org/bouncycastle/bcpkix-jdk15on/1.68/bcpkix-jdk15on-1.68.jar:/home/logicfocus/.m2/repository/org/bouncycastle/bcprov-jdk15on/1.68/bcprov-jdk15on-1.68.jar:/home/logicfocus/.m2/repository/org/springframework/cloud/spring-cloud-netflix-eureka-client/3.1.2/spring-cloud-netflix-eureka-client-3.1.2.jar:/home/logicfocus/.m2/repository/com/netflix/eureka/eureka-client/1.10.17/eureka-client-1.10.17.jar:/home/logicfocus/.m2/repository/com/netflix/netflix-commons/netflix-eventbus/0.3.0/netflix-eventbus-0.3.0.jar:/home/logicfocus/.m2/repository/com/netflix/netflix-commons/netflix-infix/0.3.0/netflix-infix-0.3.0.jar:/home/logicfocus/.m2/repository/commons-jxpath/commons-jxpath/1.3/commons-jxpath-1.3.jar:/home/logicfocus/.m2/repository/joda-time/joda-time/2.3/joda-time-2.3.jar:/home/logicfocus/.m2/repository/org/antlr/antlr-runtime/3.4/antlr-runtime-3.4.jar:/home/logicfocus/.m2/repository/org/antlr/stringtemplate/3.2.1/stringtemplate-3.2.1.jar:/home/logicfocus/.m2/repository/antlr/antlr/2.7.7/antlr-2.7.7.jar:/home/logicfocus/.m2/repository/com/google/code/gson/gson/2.9.1/gson-2.9.1.jar:/home/logicfocus/.m2/repository/org/apache/commons/commons-math/2.2/commons-math-2.2.jar:/home/logicfocus/.m2/repository/com/thoughtworks/xstream/xstream/1.4.18/xstream-1.4.18.jar:/home/logicfocus/.m2/repository/io/github/x-stream/mxparser/1.2.2/mxparser-1.2.2.jar:/home/logicfocus/.m2/repository/xmlpull/xmlpull/1.1.3.1/xmlpull-1.1.3.1.jar:/home/logicfocus/.m2/repository/javax/ws/rs/jsr311-api/1.1.1/jsr311-api-1.1.1.jar:/home/logicfocus/.m2/repository/com/netflix/servo/servo-core/0.12.21/servo-core-0.12.21.jar:/home/logicfocus/.m2/repository/com/google/guava/guava/19.0/guava-19.0.jar:/home/logicfocus/.m2/repository/org/apache/httpcomponents/httpclient/4.5.13/httpclient-4.5.13.jar:/home/logicfocus/.m2/repository/org/apache/httpcomponents/httpcore/4.4.15/httpcore-4.4.15.jar:/home/logicfocus/.m2/repository/commons-codec/commons-codec/1.15/commons-codec-1.15.jar:/home/logicfocus/.m2/repository/commons-configuration/commons-configuration/1.10/commons-configuration-1.10.jar:/home/logicfocus/.m2/repository/commons-lang/commons-lang/2.6/commons-lang-2.6.jar:/home/logicfocus/.m2/repository/com/google/inject/guice/4.1.0/guice-4.1.0.jar:/home/logicfocus/.m2/repository/javax/inject/javax.inject/1/javax.inject-1.jar:/home/logicfocus/.m2/repository/com/fasterxml/jackson/core/jackson-annotations/2.13.4/jackson-annotations-2.13.4.jar:/home/logicfocus/.m2/repository/com/fasterxml/jackson/core/jackson-core/2.13.4/jackson-core-2.13.4.jar:/home/logicfocus/.m2/repository/org/codehaus/jettison/jettison/1.4.0/jettison-1.4.0.jar:/home/logicfocus/.m2/repository/com/netflix/eureka/eureka-core/1.10.17/eureka-core-1.10.17.jar:/home/logicfocus/.m2/repository/com/fasterxml/woodstox/woodstox-core/6.2.1/woodstox-core-6.2.1.jar:/home/logicfocus/.m2/repository/org/codehaus/woodstox/stax2-api/4.2.1/stax2-api-4.2.1.jar:/home/logicfocus/.m2/repository/org/springframework/cloud/spring-cloud-starter-loadbalancer/3.1.2/spring-cloud-starter-loadbalancer-3.1.2.jar:/home/logicfocus/.m2/repository/org/springframework/cloud/spring-cloud-loadbalancer/3.1.2/spring-cloud-loadbalancer-3.1.2.jar:/home/logicfocus/.m2/repository/io/projectreactor/reactor-core/3.4.25/reactor-core-3.4.25.jar:/home/logicfocus/.m2/repository/org/reactivestreams/reactive-streams/1.0.4/reactive-streams-1.0.4.jar:/home/logicfocus/.m2/repository/io/projectreactor/addons/reactor-extra/3.4.9/reactor-extra-3.4.9.jar:/home/logicfocus/.m2/repository/org/springframework/boot/spring-boot-starter-cache/2.7.6/spring-boot-starter-cache-2.7.6.jar:/home/logicfocus/.m2/repository/org/springframework/spring-context-support/5.3.24/spring-context-support-5.3.24.jar:/home/logicfocus/.m2/repository/com/stoyanr/evictor/1.0.0/evictor-1.0.0.jar:/home/logicfocus/.m2/repository/org/springframework/cloud/spring-cloud-starter-sleuth/3.1.2/spring-cloud-starter-sleuth-3.1.2.jar:/home/logicfocus/.m2/repository/org/springframework/boot/spring-boot-starter-aop/2.7.6/spring-boot-starter-aop-2.7.6.jar:/home/logicfocus/.m2/repository/org/aspectj/aspectjweaver/1.9.7/aspectjweaver-1.9.7.jar:/home/logicfocus/.m2/repository/org/springframework/cloud/spring-cloud-sleuth-autoconfigure/3.1.2/spring-cloud-sleuth-autoconfigure-3.1.2.jar:/home/logicfocus/.m2/repository/org/aspectj/aspectjrt/1.9.7/aspectjrt-1.9.7.jar:/home/logicfocus/.m2/repository/org/springframework/cloud/spring-cloud-sleuth-brave/3.1.2/spring-cloud-sleuth-brave-3.1.2.jar:/home/logicfocus/.m2/repository/io/zipkin/brave/brave/5.13.7/brave-5.13.7.jar:/home/logicfocus/.m2/repository/io/zipkin/brave/brave-context-slf4j/5.13.7/brave-context-slf4j-5.13.7.jar:/home/logicfocus/.m2/repository/io/zipkin/brave/brave-instrumentation-messaging/5.13.7/brave-instrumentation-messaging-5.13.7.jar:/home/logicfocus/.m2/repository/io/zipkin/brave/brave-instrumentation-rpc/5.13.7/brave-instrumentation-rpc-5.13.7.jar:/home/logicfocus/.m2/repository/io/zipkin/brave/brave-instrumentation-spring-rabbit/5.13.7/brave-instrumentation-spring-rabbit-5.13.7.jar:/home/logicfocus/.m2/repository/io/zipkin/brave/brave-instrumentation-kafka-clients/5.13.7/brave-instrumentation-kafka-clients-5.13.7.jar:/home/logicfocus/.m2/repository/io/zipkin/brave/brave-instrumentation-kafka-streams/5.13.7/brave-instrumentation-kafka-streams-5.13.7.jar:/home/logicfocus/.m2/repository/io/zipkin/brave/brave-instrumentation-httpclient/5.13.7/brave-instrumentation-httpclient-5.13.7.jar:/home/logicfocus/.m2/repository/io/zipkin/brave/brave-instrumentation-http/5.13.7/brave-instrumentation-http-5.13.7.jar:/home/logicfocus/.m2/repository/io/zipkin/brave/brave-instrumentation-httpasyncclient/5.13.7/brave-instrumentation-httpasyncclient-5.13.7.jar:/home/logicfocus/.m2/repository/io/zipkin/brave/brave-instrumentation-jms/5.13.7/brave-instrumentation-jms-5.13.7.jar:/home/logicfocus/.m2/repository/io/zipkin/brave/brave-instrumentation-mongodb/5.13.7/brave-instrumentation-mongodb-5.13.7.jar:/home/logicfocus/.m2/repository/io/zipkin/aws/brave-propagation-aws/0.21.3/brave-propagation-aws-0.21.3.jar:/home/logicfocus/.m2/repository/io/zipkin/reporter2/zipkin-reporter-metrics-micrometer/2.16.3/zipkin-reporter-metrics-micrometer-2.16.3.jar:/home/logicfocus/.m2/repository/org/springframework/cloud/spring-cloud-sleuth-zipkin/3.1.2/spring-cloud-sleuth-zipkin-3.1.2.jar:/home/logicfocus/.m2/repository/org/springframework/cloud/spring-cloud-sleuth-instrumentation/3.1.2/spring-cloud-sleuth-instrumentation-3.1.2.jar:/home/logicfocus/.m2/repository/org/springframework/cloud/spring-cloud-sleuth-api/3.1.2/spring-cloud-sleuth-api-3.1.2.jar:/home/logicfocus/.m2/repository/org/springframework/cloud/spring-cloud-commons/3.1.2/spring-cloud-commons-3.1.2.jar:/home/logicfocus/.m2/repository/org/springframework/security/spring-security-crypto/5.7.5/spring-security-crypto-5.7.5.jar:/home/logicfocus/.m2/repository/io/zipkin/zipkin2/zipkin/2.23.2/zipkin-2.23.2.jar:/home/logicfocus/.m2/repository/io/zipkin/reporter2/zipkin-reporter/2.16.3/zipkin-reporter-2.16.3.jar:/home/logicfocus/.m2/repository/io/zipkin/reporter2/zipkin-reporter-brave/2.16.3/zipkin-reporter-brave-2.16.3.jar:/home/logicfocus/.m2/repository/io/zipkin/reporter2/zipkin-sender-kafka/2.16.3/zipkin-sender-kafka-2.16.3.jar:/home/logicfocus/.m2/repository/io/zipkin/reporter2/zipkin-sender-activemq-client/2.16.3/zipkin-sender-activemq-client-2.16.3.jar:/home/logicfocus/.m2/repository/io/zipkin/reporter2/zipkin-sender-amqp-client/2.16.3/zipkin-sender-amqp-client-2.16.3.jar:"/>
    <property name="sun.cpu.endian" value="little"/>
    <property name="user.home" value="/home/logicfocus"/>
    <property name="user.language" value="en"/>
    <property name="java.specification.vendor" value="Oracle Corporation"/>
    <property name="java.version.date" value="2024-04-16"/>
    <property name="java.home" value="/usr/lib/jvm/java-17-openjdk-amd64"/>
    <property name="file.separator" value="/"/>
    <property name="basedir" value="/home/logicfocus/sam/springboot-microservices/product-service"/>
    <property name="java.vm.compressedOopsMode" value="Zero based"/>
    <property name="line.separator" value="&#10;"/>
    <property name="java.vm.specification.vendor" value="Oracle Corporation"/>
    <property name="java.specification.name" value="Java Platform API Specification"/>
    <property name="surefire.real.class.path" value="/home/logicfocus/sam/springboot-microservices/product-service/target/surefire/surefirebooter11767723588683217760.jar"/>
    <property name="sun.management.compiler" value="HotSpot 64-Bit Tiered Compilers"/>
    <property name="java.runtime.version" value="17.0.11+9-Ubuntu-120.04.2"/>
    <property name="user.name" value="logicfocus"/>
    <property name="path.separator" value=":"/>
    <property name="os.version" value="5.15.0-107-generic"/>
    <property name="java.runtime.name" value="OpenJDK Runtime Environment"/>
    <property name="file.encoding" value="UTF-8"/>
    <property name="java.vm.name" value="OpenJDK 64-Bit Server VM"/>
    <property name="localRepository" value="/home/logicfocus/.m2/repository"/>
    <property name="java.vendor.url.bug" value="https://bugs.launchpad.net/ubuntu/+source/openjdk-17"/>
    <property name="java.io.tmpdir" value="/tmp"/>
    <property name="java.version" value="17.0.11"/>
    <property name="user.dir" value="/home/logicfocus/sam/springboot-microservices/product-service"/>
    <property name="os.arch" value="amd64"/>
    <property name="java.vm.specification.name" value="Java Virtual Machine Specification"/>
    <property name="native.encoding" value="UTF-8"/>
    <property name="java.library.path" value="/usr/java/packages/lib:/usr/lib/x86_64-linux-gnu/jni:/lib/x86_64-linux-gnu:/usr/lib/x86_64-linux-gnu:/usr/lib/jni:/lib:/usr/lib"/>
    <property name="java.vm.info" value="mixed mode, sharing"/>
    <property name="java.vendor" value="Ubuntu"/>
    <property name="java.vm.version" value="17.0.11+9-Ubuntu-120.04.2"/>
    <property name="sun.io.unicode.encoding" value="UnicodeLittle"/>
    <property name="java.class.version" value="61.0"/>
  </properties>
  <testcase name="shouldCreateProduct" classname="me.roshanadh.productservice.ProductServiceApplicationTests" time="0.599"/>
  <testcase name="shouldGetAllProducts" classname="me.roshanadh.productservice.ProductServiceApplicationTests" time="0.051"/>
</testsuite>